2024-12-03 10:56:50.847 CST [3481294] LOG:  starting PostgreSQL 13.10 on x86_64-pc-linux-gnu, compiled by gcc (Ubuntu 11.4.0-2ubuntu1~20.04) 11.4.0, 64-bit
2024-12-03 10:56:50.848 CST [3481294] LOG:  listening on IPv4 address "127.0.0.1", port 33333
2024-12-03 10:56:50.849 CST [3481294] LOG:  listening on Unix socket "/tmp/.s.PGSQL.33333"
2024-12-03 10:56:50.853 CST [3481333] LOG:  database system was shut down at 2024-11-28 14:43:46 CST
2024-12-03 10:56:50.857 CST [3481294] LOG:  database system is ready to accept connections
2024-12-03 11:00:59.772 CST [3482119] LOG:  statement: SELECT * FROM pg_extension WHERE extname = 'sqms';
2024-12-03 11:00:59.784 CST [3481294] LOG:  server process (PID 3482119) was terminated by signal 11: Segmentation fault
2024-12-03 11:00:59.784 CST [3481294] DETAIL:  Failed process was running: SELECT * FROM pg_extension WHERE extname = 'sqms';
2024-12-03 11:00:59.784 CST [3481294] LOG:  terminating any other active server processes
2024-12-03 11:00:59.784 CST [3494666] WARNING:  terminating connection because of crash of another server process
2024-12-03 11:00:59.784 CST [3494666] DETAIL:  The postmaster has commanded this server process to roll back the current transaction and exit, because another server process exited abnormally and possibly corrupted shared memory.
2024-12-03 11:00:59.784 CST [3494666] HINT:  In a moment you should be able to reconnect to the database and repeat your command.
2024-12-03 11:00:59.784 CST [3481337] WARNING:  terminating connection because of crash of another server process
2024-12-03 11:00:59.784 CST [3481337] DETAIL:  The postmaster has commanded this server process to roll back the current transaction and exit, because another server process exited abnormally and possibly corrupted shared memory.
2024-12-03 11:00:59.784 CST [3481337] HINT:  In a moment you should be able to reconnect to the database and repeat your command.
2024-12-03 11:00:59.786 CST [3481294] LOG:  all server processes terminated; reinitializing
2024-12-03 11:00:59.812 CST [3494667] LOG:  database system was interrupted; last known up at 2024-12-03 10:56:50 CST
2024-12-03 11:00:59.903 CST [3494667] LOG:  database system was not properly shut down; automatic recovery in progress
2024-12-03 11:00:59.905 CST [3494667] LOG:  redo starts at 0/15768D8
2024-12-03 11:00:59.905 CST [3494667] LOG:  invalid record length at 0/1576910: wanted 24, got 0
2024-12-03 11:00:59.905 CST [3494667] LOG:  redo done at 0/15768D8
2024-12-03 11:00:59.913 CST [3481294] LOG:  database system is ready to accept connections
2024-12-03 11:01:10.331 CST [3495199] LOG:  statement: SELECT * FROM pg_extension WHERE extname = 'sqms';
2024-12-03 11:01:10.340 CST [3481294] LOG:  server process (PID 3495199) was terminated by signal 11: Segmentation fault
2024-12-03 11:01:10.340 CST [3481294] DETAIL:  Failed process was running: SELECT * FROM pg_extension WHERE extname = 'sqms';
2024-12-03 11:01:10.340 CST [3481294] LOG:  terminating any other active server processes
2024-12-03 11:01:10.340 CST [3495240] WARNING:  terminating connection because of crash of another server process
2024-12-03 11:01:10.340 CST [3495240] DETAIL:  The postmaster has commanded this server process to roll back the current transaction and exit, because another server process exited abnormally and possibly corrupted shared memory.
2024-12-03 11:01:10.340 CST [3495240] HINT:  In a moment you should be able to reconnect to the database and repeat your command.
2024-12-03 11:01:10.340 CST [3494671] WARNING:  terminating connection because of crash of another server process
2024-12-03 11:01:10.340 CST [3494671] DETAIL:  The postmaster has commanded this server process to roll back the current transaction and exit, because another server process exited abnormally and possibly corrupted shared memory.
2024-12-03 11:01:10.340 CST [3494671] HINT:  In a moment you should be able to reconnect to the database and repeat your command.
2024-12-03 11:01:10.341 CST [3481294] LOG:  all server processes terminated; reinitializing
2024-12-03 11:01:10.367 CST [3495241] LOG:  database system was interrupted; last known up at 2024-12-03 11:00:59 CST
2024-12-03 11:01:10.457 CST [3495241] LOG:  database system was not properly shut down; automatic recovery in progress
2024-12-03 11:01:10.459 CST [3495241] LOG:  invalid record length at 0/1576988: wanted 24, got 0
2024-12-03 11:01:10.459 CST [3495241] LOG:  redo is not required
2024-12-03 11:01:10.468 CST [3481294] LOG:  database system is ready to accept connections
2024-12-03 11:01:18.458 CST [3496179] LOG:  statement: SELECT * FROM pg_extension WHERE extname = 'sqms';
2024-12-03 11:01:18.461 CST [3481294] LOG:  server process (PID 3496179) was terminated by signal 11: Segmentation fault
2024-12-03 11:01:18.461 CST [3481294] DETAIL:  Failed process was running: SELECT * FROM pg_extension WHERE extname = 'sqms';
2024-12-03 11:01:18.461 CST [3481294] LOG:  terminating any other active server processes
2024-12-03 11:01:18.461 CST [3497753] WARNING:  terminating connection because of crash of another server process
2024-12-03 11:01:18.461 CST [3497753] DETAIL:  The postmaster has commanded this server process to roll back the current transaction and exit, because another server process exited abnormally and possibly corrupted shared memory.
2024-12-03 11:01:18.461 CST [3497753] HINT:  In a moment you should be able to reconnect to the database and repeat your command.
2024-12-03 11:01:18.461 CST [3495245] WARNING:  terminating connection because of crash of another server process
2024-12-03 11:01:18.461 CST [3495245] DETAIL:  The postmaster has commanded this server process to roll back the current transaction and exit, because another server process exited abnormally and possibly corrupted shared memory.
2024-12-03 11:01:18.461 CST [3495245] HINT:  In a moment you should be able to reconnect to the database and repeat your command.
2024-12-03 11:01:18.462 CST [3481294] LOG:  all server processes terminated; reinitializing
2024-12-03 11:01:18.480 CST [3497754] LOG:  database system was interrupted; last known up at 2024-12-03 11:01:10 CST
2024-12-03 11:01:18.617 CST [3497754] LOG:  database system was not properly shut down; automatic recovery in progress
2024-12-03 11:01:18.618 CST [3497754] LOG:  invalid record length at 0/1576A00: wanted 24, got 0
2024-12-03 11:01:18.618 CST [3497754] LOG:  redo is not required
2024-12-03 11:01:18.660 CST [3481294] LOG:  database system is ready to accept connections
2024-12-03 11:01:34.379 CST [3481294] LOG:  received fast shutdown request
2024-12-03 11:01:34.380 CST [3481294] LOG:  aborting any active transactions
2024-12-03 11:01:34.381 CST [3481294] LOG:  background worker "logical replication launcher" (PID 3497764) exited with exit code 1
2024-12-03 11:01:34.381 CST [3497759] LOG:  shutting down
2024-12-03 11:01:34.389 CST [3481294] LOG:  database system is shut down
