2024-12-03 15:20:24.153 CST [235580] LOG:  starting PostgreSQL 13.10 on x86_64-pc-linux-gnu, compiled by gcc (Ubuntu 11.4.0-2ubuntu1~20.04) 11.4.0, 64-bit
2024-12-03 15:20:24.153 CST [235580] LOG:  listening on IPv4 address "127.0.0.1", port 33333
2024-12-03 15:20:24.155 CST [235580] LOG:  listening on Unix socket "/tmp/.s.PGSQL.33333"
2024-12-03 15:20:24.159 CST [235582] LOG:  database system was shut down at 2024-12-03 15:18:10 CST
2024-12-03 15:20:24.162 CST [235580] LOG:  database system is ready to accept connections
2024-12-03 15:20:28.656 CST [235728] LOG:  statement: SELECT pg_backend_pid();
StmtExecutorStart
2024-12-03 15:20:28.692 CST [235580] LOG:  server process (PID 235728) was terminated by signal 11: Segmentation fault
2024-12-03 15:20:28.692 CST [235580] DETAIL:  Failed process was running: SELECT pg_backend_pid();
2024-12-03 15:20:28.692 CST [235580] LOG:  terminating any other active server processes
2024-12-03 15:20:28.692 CST [235586] WARNING:  terminating connection because of crash of another server process
2024-12-03 15:20:28.692 CST [235586] DETAIL:  The postmaster has commanded this server process to roll back the current transaction and exit, because another server process exited abnormally and possibly corrupted shared memory.
2024-12-03 15:20:28.692 CST [235586] HINT:  In a moment you should be able to reconnect to the database and repeat your command.
2024-12-03 15:20:28.693 CST [235580] LOG:  all server processes terminated; reinitializing
2024-12-03 15:20:28.720 CST [235823] LOG:  database system was interrupted; last known up at 2024-12-03 15:20:24 CST
2024-12-03 15:20:28.810 CST [235823] LOG:  database system was not properly shut down; automatic recovery in progress
2024-12-03 15:20:28.812 CST [235823] LOG:  invalid record length at 0/158B170: wanted 24, got 0
2024-12-03 15:20:28.812 CST [235823] LOG:  redo is not required
2024-12-03 15:20:28.821 CST [235580] LOG:  database system is ready to accept connections
2024-12-03 15:21:29.289 CST [235580] LOG:  received fast shutdown request
2024-12-03 15:21:29.290 CST [235580] LOG:  aborting any active transactions
2024-12-03 15:21:29.291 CST [235580] LOG:  background worker "logical replication launcher" (PID 235834) exited with exit code 1
2024-12-03 15:21:29.291 CST [235829] LOG:  shutting down
2024-12-03 15:21:29.299 CST [235580] LOG:  database system is shut down
