2024-12-03 12:34:27.033 CST [3859164] LOG:  starting PostgreSQL 13.10 on x86_64-pc-linux-gnu, compiled by gcc (Ubuntu 11.4.0-2ubuntu1~20.04) 11.4.0, 64-bit
2024-12-03 12:34:27.033 CST [3859164] LOG:  listening on IPv4 address "127.0.0.1", port 33333
2024-12-03 12:34:27.035 CST [3859164] LOG:  listening on Unix socket "/tmp/.s.PGSQL.33333"
2024-12-03 12:34:27.038 CST [3859166] LOG:  database system was shut down at 2024-12-03 12:34:07 CST
2024-12-03 12:34:27.041 CST [3859164] LOG:  database system is ready to accept connections
2024-12-03 12:34:30.978 CST [3859291] LOG:  statement: select * from pg_extension;
2024-12-03 12:34:30.987 CST [3859164] LOG:  server process (PID 3859291) was terminated by signal 11: Segmentation fault
2024-12-03 12:34:30.987 CST [3859164] DETAIL:  Failed process was running: select * from pg_extension;
2024-12-03 12:34:30.987 CST [3859164] LOG:  terminating any other active server processes
2024-12-03 12:34:30.987 CST [3859460] WARNING:  terminating connection because of crash of another server process
2024-12-03 12:34:30.987 CST [3859460] DETAIL:  The postmaster has commanded this server process to roll back the current transaction and exit, because another server process exited abnormally and possibly corrupted shared memory.
2024-12-03 12:34:30.987 CST [3859460] HINT:  In a moment you should be able to reconnect to the database and repeat your command.
2024-12-03 12:34:30.987 CST [3859170] WARNING:  terminating connection because of crash of another server process
2024-12-03 12:34:30.987 CST [3859170] DETAIL:  The postmaster has commanded this server process to roll back the current transaction and exit, because another server process exited abnormally and possibly corrupted shared memory.
2024-12-03 12:34:30.987 CST [3859170] HINT:  In a moment you should be able to reconnect to the database and repeat your command.
2024-12-03 12:34:30.988 CST [3859164] LOG:  all server processes terminated; reinitializing
2024-12-03 12:34:31.014 CST [3859461] LOG:  database system was interrupted; last known up at 2024-12-03 12:34:27 CST
2024-12-03 12:34:31.106 CST [3859461] LOG:  database system was not properly shut down; automatic recovery in progress
2024-12-03 12:34:31.108 CST [3859461] LOG:  invalid record length at 0/1589F50: wanted 24, got 0
2024-12-03 12:34:31.108 CST [3859461] LOG:  redo is not required
2024-12-03 12:34:31.117 CST [3859164] LOG:  database system is ready to accept connections
2024-12-03 12:34:38.292 CST [3859164] LOG:  received fast shutdown request
2024-12-03 12:34:38.293 CST [3859164] LOG:  aborting any active transactions
2024-12-03 12:34:38.294 CST [3859164] LOG:  background worker "logical replication launcher" (PID 3859467) exited with exit code 1
2024-12-03 12:34:38.294 CST [3859462] LOG:  shutting down
2024-12-03 12:34:38.302 CST [3859164] LOG:  database system is shut down
