2024-12-03 15:03:14.202 CST [174599] LOG:  starting PostgreSQL 13.10 on x86_64-pc-linux-gnu, compiled by gcc (Ubuntu 11.4.0-2ubuntu1~20.04) 11.4.0, 64-bit
2024-12-03 15:03:14.202 CST [174599] LOG:  listening on IPv4 address "127.0.0.1", port 33333
2024-12-03 15:03:14.204 CST [174599] LOG:  listening on Unix socket "/tmp/.s.PGSQL.33333"
2024-12-03 15:03:14.208 CST [174601] LOG:  database system was shut down at 2024-12-03 14:35:04 CST
2024-12-03 15:03:14.213 CST [174599] LOG:  database system is ready to accept connections
2024-12-03 15:03:23.751 CST [175092] LOG:  statement: SELECT pg_backend_pid();
StmtExecutorStart
2024-12-03 15:04:46.301 CST [175092] LOG:  statement: select a, sum(b) from t group by a having a > 10 and max(c) > 10;
StmtExecutorStart
2024-12-03 15:09:43.018 CST [174599] LOG:  server process (PID 175092) was terminated by signal 11: Segmentation fault
2024-12-03 15:09:43.018 CST [174599] DETAIL:  Failed process was running: select a, sum(b) from t group by a having a > 10 and max(c) > 10;
2024-12-03 15:09:43.018 CST [174599] LOG:  terminating any other active server processes
2024-12-03 15:09:43.018 CST [196240] WARNING:  terminating connection because of crash of another server process
2024-12-03 15:09:43.018 CST [196240] DETAIL:  The postmaster has commanded this server process to roll back the current transaction and exit, because another server process exited abnormally and possibly corrupted shared memory.
2024-12-03 15:09:43.018 CST [196240] HINT:  In a moment you should be able to reconnect to the database and repeat your command.
2024-12-03 15:09:43.018 CST [174605] WARNING:  terminating connection because of crash of another server process
2024-12-03 15:09:43.018 CST [174605] DETAIL:  The postmaster has commanded this server process to roll back the current transaction and exit, because another server process exited abnormally and possibly corrupted shared memory.
2024-12-03 15:09:43.018 CST [174605] HINT:  In a moment you should be able to reconnect to the database and repeat your command.
2024-12-03 15:09:43.020 CST [174599] LOG:  all server processes terminated; reinitializing
2024-12-03 15:09:43.206 CST [196267] LOG:  database system was interrupted; last known up at 2024-12-03 15:08:14 CST
2024-12-03 15:09:43.304 CST [196267] LOG:  database system was not properly shut down; automatic recovery in progress
2024-12-03 15:09:43.306 CST [196267] LOG:  redo starts at 0/158ADF8
2024-12-03 15:09:43.306 CST [196267] LOG:  invalid record length at 0/158AEE0: wanted 24, got 0
2024-12-03 15:09:43.306 CST [196267] LOG:  redo done at 0/158AEA8
2024-12-03 15:09:43.315 CST [174599] LOG:  database system is ready to accept connections
2024-12-03 15:17:15.163 CST [174599] LOG:  received fast shutdown request
2024-12-03 15:17:15.164 CST [174599] LOG:  aborting any active transactions
2024-12-03 15:17:15.165 CST [174599] LOG:  background worker "logical replication launcher" (PID 196273) exited with exit code 1
2024-12-03 15:17:15.165 CST [196268] LOG:  shutting down
2024-12-03 15:17:15.177 CST [174599] LOG:  database system is shut down
