2024-12-03 16:11:26.528 CST [430839] LOG:  starting PostgreSQL 13.10 on x86_64-pc-linux-gnu, compiled by gcc (Ubuntu 11.4.0-2ubuntu1~20.04) 11.4.0, 64-bit
2024-12-03 16:11:26.528 CST [430839] LOG:  listening on IPv4 address "127.0.0.1", port 33333
2024-12-03 16:11:26.530 CST [430839] LOG:  listening on Unix socket "/tmp/.s.PGSQL.33333"
2024-12-03 16:11:26.533 CST [430841] LOG:  database system was shut down at 2024-12-03 16:11:23 CST
2024-12-03 16:11:26.536 CST [430839] LOG:  database system is ready to accept connections
2024-12-03 16:11:30.681 CST [430928] LOG:  statement: SELECT pg_backend_pid();
StmtExecutorStart
2024-12-03 16:11:49.384 CST [430928] LOG:  statement: select a, sum(b) from t group by a having a > 10 and max(c) > 10;
StmtExecutorStart
2024-12-03 16:12:01.565 CST [430839] LOG:  server process (PID 430928) was terminated by signal 11: Segmentation fault
2024-12-03 16:12:01.565 CST [430839] DETAIL:  Failed process was running: select a, sum(b) from t group by a having a > 10 and max(c) > 10;
2024-12-03 16:12:01.565 CST [430839] LOG:  terminating any other active server processes
2024-12-03 16:12:01.565 CST [432952] WARNING:  terminating connection because of crash of another server process
2024-12-03 16:12:01.565 CST [432952] DETAIL:  The postmaster has commanded this server process to roll back the current transaction and exit, because another server process exited abnormally and possibly corrupted shared memory.
2024-12-03 16:12:01.565 CST [432952] HINT:  In a moment you should be able to reconnect to the database and repeat your command.
2024-12-03 16:12:01.565 CST [430845] WARNING:  terminating connection because of crash of another server process
2024-12-03 16:12:01.565 CST [430845] DETAIL:  The postmaster has commanded this server process to roll back the current transaction and exit, because another server process exited abnormally and possibly corrupted shared memory.
2024-12-03 16:12:01.565 CST [430845] HINT:  In a moment you should be able to reconnect to the database and repeat your command.
2024-12-03 16:12:01.567 CST [430839] LOG:  all server processes terminated; reinitializing
2024-12-03 16:12:01.592 CST [432953] LOG:  database system was interrupted; last known up at 2024-12-03 16:11:26 CST
2024-12-03 16:12:01.683 CST [432953] LOG:  database system was not properly shut down; automatic recovery in progress
2024-12-03 16:12:01.684 CST [432953] LOG:  redo starts at 0/158B608
2024-12-03 16:12:01.684 CST [432953] LOG:  invalid record length at 0/158B640: wanted 24, got 0
2024-12-03 16:12:01.684 CST [432953] LOG:  redo done at 0/158B608
2024-12-03 16:12:01.693 CST [430839] LOG:  database system is ready to accept connections
2024-12-03 16:12:30.120 CST [434484] LOG:  statement: SELECT pg_backend_pid();
StmtExecutorStart
2024-12-03 16:12:42.526 CST [434484] LOG:  statement: select a, sum(b) from t group by a having a > 10 and max(c) > 10;
StmtExecutorStart
2024-12-03 16:12:54.824 CST [430839] LOG:  server process (PID 434484) was terminated by signal 11: Segmentation fault
2024-12-03 16:12:54.824 CST [430839] DETAIL:  Failed process was running: select a, sum(b) from t group by a having a > 10 and max(c) > 10;
2024-12-03 16:12:54.824 CST [430839] LOG:  terminating any other active server processes
2024-12-03 16:12:54.824 CST [436222] WARNING:  terminating connection because of crash of another server process
2024-12-03 16:12:54.824 CST [436222] DETAIL:  The postmaster has commanded this server process to roll back the current transaction and exit, because another server process exited abnormally and possibly corrupted shared memory.
2024-12-03 16:12:54.824 CST [436222] HINT:  In a moment you should be able to reconnect to the database and repeat your command.
2024-12-03 16:12:54.824 CST [432997] WARNING:  terminating connection because of crash of another server process
2024-12-03 16:12:54.824 CST [432997] DETAIL:  The postmaster has commanded this server process to roll back the current transaction and exit, because another server process exited abnormally and possibly corrupted shared memory.
2024-12-03 16:12:54.824 CST [432997] HINT:  In a moment you should be able to reconnect to the database and repeat your command.
2024-12-03 16:12:54.825 CST [430839] LOG:  all server processes terminated; reinitializing
2024-12-03 16:12:54.852 CST [436225] LOG:  database system was interrupted; last known up at 2024-12-03 16:12:01 CST
2024-12-03 16:12:54.945 CST [436225] LOG:  database system was not properly shut down; automatic recovery in progress
2024-12-03 16:12:54.947 CST [436225] LOG:  redo starts at 0/158B6B8
2024-12-03 16:12:54.947 CST [436225] LOG:  invalid record length at 0/158B6F0: wanted 24, got 0
2024-12-03 16:12:54.947 CST [436225] LOG:  redo done at 0/158B6B8
2024-12-03 16:12:54.955 CST [430839] LOG:  database system is ready to accept connections
2024-12-03 16:13:47.199 CST [439118] LOG:  statement: SELECT pg_backend_pid();
StmtExecutorStart
2024-12-03 16:14:05.255 CST [439118] LOG:  statement: select a, sum(b) from t group by a having a > 10 and max(c) > 10;
StmtExecutorStart
2024-12-03 16:14:41.833 CST [430839] LOG:  server process (PID 439118) was terminated by signal 11: Segmentation fault
2024-12-03 16:14:41.833 CST [430839] DETAIL:  Failed process was running: select a, sum(b) from t group by a having a > 10 and max(c) > 10;
2024-12-03 16:14:41.833 CST [430839] LOG:  terminating any other active server processes
2024-12-03 16:14:41.833 CST [444484] WARNING:  terminating connection because of crash of another server process
2024-12-03 16:14:41.833 CST [444484] DETAIL:  The postmaster has commanded this server process to roll back the current transaction and exit, because another server process exited abnormally and possibly corrupted shared memory.
2024-12-03 16:14:41.833 CST [444484] HINT:  In a moment you should be able to reconnect to the database and repeat your command.
2024-12-03 16:14:41.834 CST [436233] WARNING:  terminating connection because of crash of another server process
2024-12-03 16:14:41.834 CST [436233] DETAIL:  The postmaster has commanded this server process to roll back the current transaction and exit, because another server process exited abnormally and possibly corrupted shared memory.
2024-12-03 16:14:41.834 CST [436233] HINT:  In a moment you should be able to reconnect to the database and repeat your command.
2024-12-03 16:14:41.835 CST [430839] LOG:  all server processes terminated; reinitializing
2024-12-03 16:14:41.862 CST [444487] LOG:  database system was interrupted; last known up at 2024-12-03 16:12:54 CST
2024-12-03 16:14:41.955 CST [444487] LOG:  database system was not properly shut down; automatic recovery in progress
2024-12-03 16:14:41.957 CST [444487] LOG:  redo starts at 0/158B768
2024-12-03 16:14:41.957 CST [444487] LOG:  invalid record length at 0/158B7A0: wanted 24, got 0
2024-12-03 16:14:41.957 CST [444487] LOG:  redo done at 0/158B768
2024-12-03 16:14:41.965 CST [430839] LOG:  database system is ready to accept connections
2024-12-03 16:15:15.615 CST [446193] LOG:  statement: SELECT pg_backend_pid();
StmtExecutorStart
2024-12-03 16:15:28.158 CST [446193] LOG:  statement: select a, sum(b) from t group by a having a > 10 and max(c) > 10;
StmtExecutorStart
2024-12-03 16:24:05.044 CST [430839] LOG:  server process (PID 446193) was terminated by signal 11: Segmentation fault
2024-12-03 16:24:05.044 CST [430839] DETAIL:  Failed process was running: select a, sum(b) from t group by a having a > 10 and max(c) > 10;
2024-12-03 16:24:05.044 CST [430839] LOG:  terminating any other active server processes
2024-12-03 16:24:05.044 CST [478016] WARNING:  terminating connection because of crash of another server process
2024-12-03 16:24:05.044 CST [478016] DETAIL:  The postmaster has commanded this server process to roll back the current transaction and exit, because another server process exited abnormally and possibly corrupted shared memory.
2024-12-03 16:24:05.044 CST [478016] HINT:  In a moment you should be able to reconnect to the database and repeat your command.
2024-12-03 16:24:05.044 CST [444491] WARNING:  terminating connection because of crash of another server process
2024-12-03 16:24:05.044 CST [444491] DETAIL:  The postmaster has commanded this server process to roll back the current transaction and exit, because another server process exited abnormally and possibly corrupted shared memory.
2024-12-03 16:24:05.044 CST [444491] HINT:  In a moment you should be able to reconnect to the database and repeat your command.
2024-12-03 16:24:05.046 CST [430839] LOG:  all server processes terminated; reinitializing
2024-12-03 16:24:05.073 CST [478022] LOG:  database system was interrupted; last known up at 2024-12-03 16:14:41 CST
2024-12-03 16:24:05.169 CST [478022] LOG:  database system was not properly shut down; automatic recovery in progress
2024-12-03 16:24:05.171 CST [478022] LOG:  redo starts at 0/158B818
2024-12-03 16:24:05.171 CST [478022] LOG:  invalid record length at 0/158B850: wanted 24, got 0
2024-12-03 16:24:05.171 CST [478022] LOG:  redo done at 0/158B818
2024-12-03 16:24:05.179 CST [430839] LOG:  database system is ready to accept connections
2024-12-03 16:29:15.885 CST [430839] LOG:  received fast shutdown request
2024-12-03 16:29:15.885 CST [430839] LOG:  aborting any active transactions
2024-12-03 16:29:15.887 CST [430839] LOG:  background worker "logical replication launcher" (PID 478040) exited with exit code 1
2024-12-03 16:29:15.887 CST [478035] LOG:  shutting down
2024-12-03 16:29:15.894 CST [430839] LOG:  database system is shut down
