2024-12-03 11:25:43.333 CST [3582806] LOG:  starting PostgreSQL 13.10 on x86_64-pc-linux-gnu, compiled by gcc (Ubuntu 11.4.0-2ubuntu1~20.04) 11.4.0, 64-bit
2024-12-03 11:25:43.333 CST [3582806] LOG:  listening on IPv4 address "127.0.0.1", port 33333
2024-12-03 11:25:43.335 CST [3582806] LOG:  listening on Unix socket "/tmp/.s.PGSQL.33333"
2024-12-03 11:25:43.339 CST [3582832] LOG:  database system was shut down at 2024-12-03 11:24:24 CST
2024-12-03 11:25:43.341 CST [3582806] LOG:  database system is ready to accept connections
2024-12-03 11:26:24.319 CST [3584787] LOG:  statement: select * from pg_extension;
2024-12-03 11:26:24.350 CST [3582806] LOG:  server process (PID 3584787) was terminated by signal 11: Segmentation fault
2024-12-03 11:26:24.350 CST [3582806] DETAIL:  Failed process was running: select * from pg_extension;
2024-12-03 11:26:24.350 CST [3582806] LOG:  terminating any other active server processes
2024-12-03 11:26:24.350 CST [3585247] WARNING:  terminating connection because of crash of another server process
2024-12-03 11:26:24.350 CST [3585247] DETAIL:  The postmaster has commanded this server process to roll back the current transaction and exit, because another server process exited abnormally and possibly corrupted shared memory.
2024-12-03 11:26:24.350 CST [3585247] HINT:  In a moment you should be able to reconnect to the database and repeat your command.
2024-12-03 11:26:24.350 CST [3582836] WARNING:  terminating connection because of crash of another server process
2024-12-03 11:26:24.350 CST [3582836] DETAIL:  The postmaster has commanded this server process to roll back the current transaction and exit, because another server process exited abnormally and possibly corrupted shared memory.
2024-12-03 11:26:24.350 CST [3582836] HINT:  In a moment you should be able to reconnect to the database and repeat your command.
2024-12-03 11:26:24.351 CST [3582806] LOG:  all server processes terminated; reinitializing
2024-12-03 11:26:24.379 CST [3585248] LOG:  database system was interrupted; last known up at 2024-12-03 11:25:43 CST
2024-12-03 11:26:24.470 CST [3585248] LOG:  database system was not properly shut down; automatic recovery in progress
2024-12-03 11:26:24.472 CST [3585248] LOG:  redo starts at 0/157EED8
2024-12-03 11:26:24.472 CST [3585248] LOG:  invalid record length at 0/157EF10: wanted 24, got 0
2024-12-03 11:26:24.472 CST [3585248] LOG:  redo done at 0/157EED8
2024-12-03 11:26:24.484 CST [3582806] LOG:  database system is ready to accept connections
2024-12-03 11:27:58.993 CST [3582806] LOG:  received fast shutdown request
2024-12-03 11:27:58.994 CST [3582806] LOG:  aborting any active transactions
2024-12-03 11:27:58.995 CST [3582806] LOG:  background worker "logical replication launcher" (PID 3585254) exited with exit code 1
2024-12-03 11:27:58.995 CST [3585249] LOG:  shutting down
2024-12-03 11:27:59.003 CST [3582806] LOG:  database system is shut down
