2024-12-03 12:56:41.952 CST [3940083] LOG:  starting PostgreSQL 13.10 on x86_64-pc-linux-gnu, compiled by gcc (Ubuntu 11.4.0-2ubuntu1~20.04) 11.4.0, 64-bit
2024-12-03 12:56:41.952 CST [3940083] LOG:  listening on IPv4 address "127.0.0.1", port 33333
2024-12-03 12:56:41.954 CST [3940083] LOG:  listening on Unix socket "/tmp/.s.PGSQL.33333"
2024-12-03 12:56:41.958 CST [3940085] LOG:  database system was shut down at 2024-12-03 12:56:15 CST
2024-12-03 12:56:41.961 CST [3940083] LOG:  database system is ready to accept connections
2024-12-03 12:56:44.722 CST [3940193] LOG:  statement: select * from pg_extension;
StmtExecutorStart
2024-12-03 12:56:44.731 CST [3940083] LOG:  server process (PID 3940193) was terminated by signal 11: Segmentation fault
2024-12-03 12:56:44.731 CST [3940083] DETAIL:  Failed process was running: select * from pg_extension;
2024-12-03 12:56:44.731 CST [3940083] LOG:  terminating any other active server processes
2024-12-03 12:56:44.731 CST [3940304] WARNING:  terminating connection because of crash of another server process
2024-12-03 12:56:44.731 CST [3940304] DETAIL:  The postmaster has commanded this server process to roll back the current transaction and exit, because another server process exited abnormally and possibly corrupted shared memory.
2024-12-03 12:56:44.731 CST [3940304] HINT:  In a moment you should be able to reconnect to the database and repeat your command.
2024-12-03 12:56:44.731 CST [3940089] WARNING:  terminating connection because of crash of another server process
2024-12-03 12:56:44.731 CST [3940089] DETAIL:  The postmaster has commanded this server process to roll back the current transaction and exit, because another server process exited abnormally and possibly corrupted shared memory.
2024-12-03 12:56:44.731 CST [3940089] HINT:  In a moment you should be able to reconnect to the database and repeat your command.
2024-12-03 12:56:44.732 CST [3940083] LOG:  all server processes terminated; reinitializing
2024-12-03 12:56:44.760 CST [3940305] LOG:  database system was interrupted; last known up at 2024-12-03 12:56:41 CST
2024-12-03 12:56:44.850 CST [3940305] LOG:  database system was not properly shut down; automatic recovery in progress
2024-12-03 12:56:44.852 CST [3940305] LOG:  invalid record length at 0/158A7C8: wanted 24, got 0
2024-12-03 12:56:44.852 CST [3940305] LOG:  redo is not required
2024-12-03 12:56:44.860 CST [3940083] LOG:  database system is ready to accept connections
2024-12-03 12:58:00.015 CST [3940083] LOG:  received fast shutdown request
2024-12-03 12:58:00.016 CST [3940083] LOG:  aborting any active transactions
2024-12-03 12:58:00.017 CST [3940083] LOG:  background worker "logical replication launcher" (PID 3940311) exited with exit code 1
2024-12-03 12:58:00.017 CST [3940306] LOG:  shutting down
2024-12-03 12:58:00.025 CST [3940083] LOG:  database system is shut down
