2024-12-03 12:29:23.726 CST [3841734] LOG:  starting PostgreSQL 13.10 on x86_64-pc-linux-gnu, compiled by gcc (Ubuntu 11.4.0-2ubuntu1~20.04) 11.4.0, 64-bit
2024-12-03 12:29:23.727 CST [3841734] LOG:  listening on IPv4 address "127.0.0.1", port 33333
2024-12-03 12:29:23.728 CST [3841734] LOG:  listening on Unix socket "/tmp/.s.PGSQL.33333"
2024-12-03 12:29:23.732 CST [3841736] LOG:  database system was shut down at 2024-12-03 12:28:35 CST
2024-12-03 12:29:23.735 CST [3841734] LOG:  database system is ready to accept connections
2024-12-03 12:29:29.326 CST [3841919] LOG:  statement: select * from pg_extension;
2024-12-03 12:29:29.335 CST [3841734] LOG:  server process (PID 3841919) was terminated by signal 11: Segmentation fault
2024-12-03 12:29:29.335 CST [3841734] DETAIL:  Failed process was running: select * from pg_extension;
2024-12-03 12:29:29.335 CST [3841734] LOG:  terminating any other active server processes
2024-12-03 12:29:29.335 CST [3842126] WARNING:  terminating connection because of crash of another server process
2024-12-03 12:29:29.335 CST [3842126] DETAIL:  The postmaster has commanded this server process to roll back the current transaction and exit, because another server process exited abnormally and possibly corrupted shared memory.
2024-12-03 12:29:29.335 CST [3842126] HINT:  In a moment you should be able to reconnect to the database and repeat your command.
2024-12-03 12:29:29.335 CST [3841740] WARNING:  terminating connection because of crash of another server process
2024-12-03 12:29:29.335 CST [3841740] DETAIL:  The postmaster has commanded this server process to roll back the current transaction and exit, because another server process exited abnormally and possibly corrupted shared memory.
2024-12-03 12:29:29.335 CST [3841740] HINT:  In a moment you should be able to reconnect to the database and repeat your command.
2024-12-03 12:29:29.336 CST [3841734] LOG:  all server processes terminated; reinitializing
2024-12-03 12:29:29.363 CST [3842127] LOG:  database system was interrupted; last known up at 2024-12-03 12:29:23 CST
2024-12-03 12:29:29.453 CST [3842127] LOG:  database system was not properly shut down; automatic recovery in progress
2024-12-03 12:29:29.455 CST [3842127] LOG:  invalid record length at 0/1589C10: wanted 24, got 0
2024-12-03 12:29:29.455 CST [3842127] LOG:  redo is not required
2024-12-03 12:29:29.464 CST [3841734] LOG:  database system is ready to accept connections
2024-12-03 12:29:34.402 CST [3842321] LOG:  statement: select * from pg_extension;
2024-12-03 12:29:34.411 CST [3841734] LOG:  server process (PID 3842321) was terminated by signal 11: Segmentation fault
2024-12-03 12:29:34.411 CST [3841734] DETAIL:  Failed process was running: select * from pg_extension;
2024-12-03 12:29:34.411 CST [3841734] LOG:  terminating any other active server processes
2024-12-03 12:29:34.411 CST [3842452] WARNING:  terminating connection because of crash of another server process
2024-12-03 12:29:34.411 CST [3842452] DETAIL:  The postmaster has commanded this server process to roll back the current transaction and exit, because another server process exited abnormally and possibly corrupted shared memory.
2024-12-03 12:29:34.411 CST [3842452] HINT:  In a moment you should be able to reconnect to the database and repeat your command.
2024-12-03 12:29:34.411 CST [3842131] WARNING:  terminating connection because of crash of another server process
2024-12-03 12:29:34.411 CST [3842131] DETAIL:  The postmaster has commanded this server process to roll back the current transaction and exit, because another server process exited abnormally and possibly corrupted shared memory.
2024-12-03 12:29:34.411 CST [3842131] HINT:  In a moment you should be able to reconnect to the database and repeat your command.
2024-12-03 12:29:34.412 CST [3841734] LOG:  all server processes terminated; reinitializing
2024-12-03 12:29:34.439 CST [3842453] LOG:  database system was interrupted; last known up at 2024-12-03 12:29:29 CST
2024-12-03 12:29:34.529 CST [3842453] LOG:  database system was not properly shut down; automatic recovery in progress
2024-12-03 12:29:34.531 CST [3842453] LOG:  invalid record length at 0/1589C88: wanted 24, got 0
2024-12-03 12:29:34.531 CST [3842453] LOG:  redo is not required
2024-12-03 12:29:34.540 CST [3841734] LOG:  database system is ready to accept connections
2024-12-03 12:30:08.125 CST [3841734] LOG:  received fast shutdown request
2024-12-03 12:30:08.126 CST [3841734] LOG:  aborting any active transactions
2024-12-03 12:30:08.127 CST [3841734] LOG:  background worker "logical replication launcher" (PID 3842459) exited with exit code 1
2024-12-03 12:30:08.127 CST [3842454] LOG:  shutting down
2024-12-03 12:30:08.135 CST [3841734] LOG:  database system is shut down
