2024-12-03 11:17:52.181 CST [3555874] LOG:  starting PostgreSQL 13.10 on x86_64-pc-linux-gnu, compiled by gcc (Ubuntu 11.4.0-2ubuntu1~20.04) 11.4.0, 64-bit
2024-12-03 11:17:52.182 CST [3555874] LOG:  listening on IPv4 address "127.0.0.1", port 33333
2024-12-03 11:17:52.183 CST [3555874] LOG:  listening on Unix socket "/tmp/.s.PGSQL.33333"
2024-12-03 11:17:52.187 CST [3555876] LOG:  database system was shut down at 2024-12-03 11:17:40 CST
2024-12-03 11:17:52.190 CST [3555874] LOG:  database system is ready to accept connections
2024-12-03 11:17:57.616 CST [3556014] LOG:  statement: select * from pg_extension;
2024-12-03 11:17:57.627 CST [3555874] LOG:  server process (PID 3556014) was terminated by signal 11: Segmentation fault
2024-12-03 11:17:57.627 CST [3555874] DETAIL:  Failed process was running: select * from pg_extension;
2024-12-03 11:17:57.627 CST [3555874] LOG:  terminating any other active server processes
2024-12-03 11:17:57.627 CST [3556232] WARNING:  terminating connection because of crash of another server process
2024-12-03 11:17:57.627 CST [3556232] DETAIL:  The postmaster has commanded this server process to roll back the current transaction and exit, because another server process exited abnormally and possibly corrupted shared memory.
2024-12-03 11:17:57.627 CST [3556232] HINT:  In a moment you should be able to reconnect to the database and repeat your command.
2024-12-03 11:17:57.627 CST [3555880] WARNING:  terminating connection because of crash of another server process
2024-12-03 11:17:57.627 CST [3555880] DETAIL:  The postmaster has commanded this server process to roll back the current transaction and exit, because another server process exited abnormally and possibly corrupted shared memory.
2024-12-03 11:17:57.627 CST [3555880] HINT:  In a moment you should be able to reconnect to the database and repeat your command.
2024-12-03 11:17:57.628 CST [3555874] LOG:  all server processes terminated; reinitializing
2024-12-03 11:17:57.655 CST [3556233] LOG:  database system was interrupted; last known up at 2024-12-03 11:17:52 CST
2024-12-03 11:17:57.746 CST [3556233] LOG:  database system was not properly shut down; automatic recovery in progress
2024-12-03 11:17:57.747 CST [3556233] LOG:  invalid record length at 0/157EA78: wanted 24, got 0
2024-12-03 11:17:57.747 CST [3556233] LOG:  redo is not required
2024-12-03 11:17:57.756 CST [3555874] LOG:  database system is ready to accept connections
2024-12-03 11:19:26.607 CST [3560585] LOG:  statement: SELECT n.nspname as "Schema",
	  c.relname as "Name",
	  CASE c.relkind WHEN 'r' THEN 'table' WHEN 'v' THEN 'view' WHEN 'm' THEN 'materialized view' WHEN 'i' THEN 'index' WHEN 'S' THEN 'sequence' WHEN 's' THEN 'special' WHEN 'f' THEN 'foreign table' WHEN 'p' THEN 'partitioned table' WHEN 'I' THEN 'partitioned index' END as "Type",
	  pg_catalog.pg_get_userbyid(c.relowner) as "Owner"
	FROM pg_catalog.pg_class c
	     LEFT JOIN pg_catalog.pg_namespace n ON n.oid = c.relnamespace
	WHERE c.relkind IN ('r','p','v','m','S','f','')
	      AND n.nspname <> 'pg_catalog'
	      AND n.nspname <> 'information_schema'
	      AND n.nspname !~ '^pg_toast'
	  AND pg_catalog.pg_table_is_visible(c.oid)
	ORDER BY 1,2;
2024-12-03 11:19:26.622 CST [3555874] LOG:  server process (PID 3560585) was terminated by signal 11: Segmentation fault
2024-12-03 11:19:26.622 CST [3555874] DETAIL:  Failed process was running: SELECT n.nspname as "Schema",
	  c.relname as "Name",
	  CASE c.relkind WHEN 'r' THEN 'table' WHEN 'v' THEN 'view' WHEN 'm' THEN 'materialized view' WHEN 'i' THEN 'index' WHEN 'S' THEN 'sequence' WHEN 's' THEN 'special' WHEN 'f' THEN 'foreign table' WHEN 'p' THEN 'partitioned table' WHEN 'I' THEN 'partitioned index' END as "Type",
	  pg_catalog.pg_get_userbyid(c.relowner) as "Owner"
	FROM pg_catalog.pg_class c
	     LEFT JOIN pg_catalog.pg_namespace n ON n.oid = c.relnamespace
	WHERE c.relkind IN ('r','p','v','m','S','f','')
	      AND n.nspname <> 'pg_catalog'
	      AND n.nspname <> 'information_schema'
	      AND n.nspname !~ '^pg_toast'
	  AND pg_catalog.pg_table_is_visible(c.oid)
	ORDER BY 1,2;
2024-12-03 11:19:26.622 CST [3555874] LOG:  terminating any other active server processes
2024-12-03 11:19:26.622 CST [3561209] WARNING:  terminating connection because of crash of another server process
2024-12-03 11:19:26.622 CST [3561209] DETAIL:  The postmaster has commanded this server process to roll back the current transaction and exit, because another server process exited abnormally and possibly corrupted shared memory.
2024-12-03 11:19:26.622 CST [3561209] HINT:  In a moment you should be able to reconnect to the database and repeat your command.
2024-12-03 11:19:26.623 CST [3556238] WARNING:  terminating connection because of crash of another server process
2024-12-03 11:19:26.623 CST [3556238] DETAIL:  The postmaster has commanded this server process to roll back the current transaction and exit, because another server process exited abnormally and possibly corrupted shared memory.
2024-12-03 11:19:26.623 CST [3556238] HINT:  In a moment you should be able to reconnect to the database and repeat your command.
2024-12-03 11:19:26.624 CST [3555874] LOG:  all server processes terminated; reinitializing
2024-12-03 11:19:26.651 CST [3561210] LOG:  database system was interrupted; last known up at 2024-12-03 11:17:57 CST
2024-12-03 11:19:26.741 CST [3561210] LOG:  database system was not properly shut down; automatic recovery in progress
2024-12-03 11:19:26.743 CST [3561210] LOG:  redo starts at 0/157EAF0
2024-12-03 11:19:26.743 CST [3561210] LOG:  invalid record length at 0/157EB28: wanted 24, got 0
2024-12-03 11:19:26.743 CST [3561210] LOG:  redo done at 0/157EAF0
2024-12-03 11:19:26.752 CST [3555874] LOG:  database system is ready to accept connections
2024-12-03 11:21:25.976 CST [3555874] LOG:  received fast shutdown request
2024-12-03 11:21:25.977 CST [3555874] LOG:  aborting any active transactions
2024-12-03 11:21:25.979 CST [3555874] LOG:  background worker "logical replication launcher" (PID 3561216) exited with exit code 1
2024-12-03 11:21:25.979 CST [3561211] LOG:  shutting down
2024-12-03 11:21:25.987 CST [3555874] LOG:  database system is shut down
