2024-12-03 11:28:00.218 CST [3590453] LOG:  starting PostgreSQL 13.10 on x86_64-pc-linux-gnu, compiled by gcc (Ubuntu 11.4.0-2ubuntu1~20.04) 11.4.0, 64-bit
2024-12-03 11:28:00.219 CST [3590453] LOG:  listening on IPv4 address "127.0.0.1", port 33333
2024-12-03 11:28:00.220 CST [3590453] LOG:  listening on Unix socket "/tmp/.s.PGSQL.33333"
2024-12-03 11:28:00.224 CST [3590455] LOG:  database system was shut down at 2024-12-03 11:27:58 CST
2024-12-03 11:28:00.227 CST [3590453] LOG:  database system is ready to accept connections
2024-12-03 11:28:09.138 CST [3590653] LOG:  statement: DROP EXTENSION sqms;
2024-12-03 11:28:11.138 CST [3590653] LOG:  statement: select * from pg_extension;
2024-12-03 11:28:11.149 CST [3590453] LOG:  server process (PID 3590653) was terminated by signal 11: Segmentation fault
2024-12-03 11:28:11.149 CST [3590453] DETAIL:  Failed process was running: select * from pg_extension;
2024-12-03 11:28:11.149 CST [3590453] LOG:  terminating any other active server processes
2024-12-03 11:28:11.149 CST [3591116] WARNING:  terminating connection because of crash of another server process
2024-12-03 11:28:11.149 CST [3591116] DETAIL:  The postmaster has commanded this server process to roll back the current transaction and exit, because another server process exited abnormally and possibly corrupted shared memory.
2024-12-03 11:28:11.149 CST [3591116] HINT:  In a moment you should be able to reconnect to the database and repeat your command.
2024-12-03 11:28:11.149 CST [3590459] WARNING:  terminating connection because of crash of another server process
2024-12-03 11:28:11.149 CST [3590459] DETAIL:  The postmaster has commanded this server process to roll back the current transaction and exit, because another server process exited abnormally and possibly corrupted shared memory.
2024-12-03 11:28:11.149 CST [3590459] HINT:  In a moment you should be able to reconnect to the database and repeat your command.
2024-12-03 11:28:11.150 CST [3590453] LOG:  all server processes terminated; reinitializing
2024-12-03 11:28:11.176 CST [3591129] LOG:  database system was interrupted; last known up at 2024-12-03 11:28:00 CST
2024-12-03 11:28:11.268 CST [3591129] LOG:  database system was not properly shut down; automatic recovery in progress
2024-12-03 11:28:11.270 CST [3591129] LOG:  redo starts at 0/157F038
2024-12-03 11:28:11.270 CST [3591129] LOG:  invalid record length at 0/1581E20: wanted 24, got 0
2024-12-03 11:28:11.270 CST [3591129] LOG:  redo done at 0/1581DC8
2024-12-03 11:28:11.279 CST [3590453] LOG:  database system is ready to accept connections
2024-12-03 11:28:43.223 CST [3590453] LOG:  received fast shutdown request
2024-12-03 11:28:43.224 CST [3590453] LOG:  aborting any active transactions
2024-12-03 11:28:43.224 CST [3590453] LOG:  background worker "logical replication launcher" (PID 3591153) exited with exit code 1
2024-12-03 11:28:43.225 CST [3591148] LOG:  shutting down
2024-12-03 11:28:43.231 CST [3590453] LOG:  database system is shut down
