2024-12-03 12:51:43.565 CST [3920858] LOG:  starting PostgreSQL 13.10 on x86_64-pc-linux-gnu, compiled by gcc (Ubuntu 11.4.0-2ubuntu1~20.04) 11.4.0, 64-bit
2024-12-03 12:51:43.566 CST [3920858] LOG:  listening on IPv4 address "127.0.0.1", port 33333
2024-12-03 12:51:43.567 CST [3920858] LOG:  listening on Unix socket "/tmp/.s.PGSQL.33333"
2024-12-03 12:51:43.571 CST [3920860] LOG:  database system was shut down at 2024-12-03 12:51:33 CST
2024-12-03 12:51:43.574 CST [3920858] LOG:  database system is ready to accept connections
2024-12-03 12:51:46.845 CST [3920976] LOG:  statement: select * from pg_extension;
StmtExecutorStart
2024-12-03 12:51:46.854 CST [3920858] LOG:  server process (PID 3920976) was terminated by signal 11: Segmentation fault
2024-12-03 12:51:46.854 CST [3920858] DETAIL:  Failed process was running: select * from pg_extension;
2024-12-03 12:51:46.854 CST [3920858] LOG:  terminating any other active server processes
2024-12-03 12:51:46.854 CST [3921092] WARNING:  terminating connection because of crash of another server process
2024-12-03 12:51:46.854 CST [3921092] DETAIL:  The postmaster has commanded this server process to roll back the current transaction and exit, because another server process exited abnormally and possibly corrupted shared memory.
2024-12-03 12:51:46.854 CST [3921092] HINT:  In a moment you should be able to reconnect to the database and repeat your command.
2024-12-03 12:51:46.854 CST [3920864] WARNING:  terminating connection because of crash of another server process
2024-12-03 12:51:46.854 CST [3920864] DETAIL:  The postmaster has commanded this server process to roll back the current transaction and exit, because another server process exited abnormally and possibly corrupted shared memory.
2024-12-03 12:51:46.854 CST [3920864] HINT:  In a moment you should be able to reconnect to the database and repeat your command.
2024-12-03 12:51:46.855 CST [3920858] LOG:  all server processes terminated; reinitializing
2024-12-03 12:51:46.882 CST [3921093] LOG:  database system was interrupted; last known up at 2024-12-03 12:51:43 CST
2024-12-03 12:51:46.974 CST [3921093] LOG:  database system was not properly shut down; automatic recovery in progress
2024-12-03 12:51:46.976 CST [3921093] LOG:  invalid record length at 0/158A538: wanted 24, got 0
2024-12-03 12:51:46.976 CST [3921093] LOG:  redo is not required
2024-12-03 12:51:46.985 CST [3920858] LOG:  database system is ready to accept connections
2024-12-03 12:51:52.853 CST [3920858] LOG:  received fast shutdown request
2024-12-03 12:51:52.854 CST [3920858] LOG:  aborting any active transactions
2024-12-03 12:51:52.855 CST [3920858] LOG:  background worker "logical replication launcher" (PID 3921106) exited with exit code 1
2024-12-03 12:51:52.855 CST [3921101] LOG:  shutting down
2024-12-03 12:51:52.862 CST [3920858] LOG:  database system is shut down
