2024-12-03 12:28:06.397 CST [3837187] LOG:  starting PostgreSQL 13.10 on x86_64-pc-linux-gnu, compiled by gcc (Ubuntu 11.4.0-2ubuntu1~20.04) 11.4.0, 64-bit
2024-12-03 12:28:06.397 CST [3837187] LOG:  listening on IPv4 address "127.0.0.1", port 33333
2024-12-03 12:28:06.400 CST [3837187] LOG:  listening on Unix socket "/tmp/.s.PGSQL.33333"
2024-12-03 12:28:06.403 CST [3837189] LOG:  database system was shut down at 2024-12-03 12:27:50 CST
2024-12-03 12:28:06.407 CST [3837187] LOG:  database system is ready to accept connections
2024-12-03 12:28:11.868 CST [3837411] LOG:  statement: select * from pg_extension;
2024-12-03 12:28:11.876 CST [3837187] LOG:  server process (PID 3837411) was terminated by signal 11: Segmentation fault
2024-12-03 12:28:11.876 CST [3837187] DETAIL:  Failed process was running: select * from pg_extension;
2024-12-03 12:28:11.876 CST [3837187] LOG:  terminating any other active server processes
2024-12-03 12:28:11.876 CST [3837544] WARNING:  terminating connection because of crash of another server process
2024-12-03 12:28:11.876 CST [3837544] DETAIL:  The postmaster has commanded this server process to roll back the current transaction and exit, because another server process exited abnormally and possibly corrupted shared memory.
2024-12-03 12:28:11.876 CST [3837544] HINT:  In a moment you should be able to reconnect to the database and repeat your command.
2024-12-03 12:28:11.876 CST [3837193] WARNING:  terminating connection because of crash of another server process
2024-12-03 12:28:11.876 CST [3837193] DETAIL:  The postmaster has commanded this server process to roll back the current transaction and exit, because another server process exited abnormally and possibly corrupted shared memory.
2024-12-03 12:28:11.876 CST [3837193] HINT:  In a moment you should be able to reconnect to the database and repeat your command.
2024-12-03 12:28:11.877 CST [3837187] LOG:  all server processes terminated; reinitializing
2024-12-03 12:28:11.903 CST [3837545] LOG:  database system was interrupted; last known up at 2024-12-03 12:28:06 CST
2024-12-03 12:28:11.996 CST [3837545] LOG:  database system was not properly shut down; automatic recovery in progress
2024-12-03 12:28:11.998 CST [3837545] LOG:  invalid record length at 0/1589AA8: wanted 24, got 0
2024-12-03 12:28:11.998 CST [3837545] LOG:  redo is not required
2024-12-03 12:28:12.006 CST [3837187] LOG:  database system is ready to accept connections
2024-12-03 12:28:24.213 CST [3838160] LOG:  statement: SELECT n.nspname as "Schema",
	  c.relname as "Name",
	  CASE c.relkind WHEN 'r' THEN 'table' WHEN 'v' THEN 'view' WHEN 'm' THEN 'materialized view' WHEN 'i' THEN 'index' WHEN 'S' THEN 'sequence' WHEN 's' THEN 'special' WHEN 'f' THEN 'foreign table' WHEN 'p' THEN 'partitioned table' WHEN 'I' THEN 'partitioned index' END as "Type",
	  pg_catalog.pg_get_userbyid(c.relowner) as "Owner"
	FROM pg_catalog.pg_class c
	     LEFT JOIN pg_catalog.pg_namespace n ON n.oid = c.relnamespace
	WHERE c.relkind IN ('r','p','v','m','S','f','')
	      AND n.nspname <> 'pg_catalog'
	      AND n.nspname <> 'information_schema'
	      AND n.nspname !~ '^pg_toast'
	  AND pg_catalog.pg_table_is_visible(c.oid)
	ORDER BY 1,2;
2024-12-03 12:28:24.224 CST [3837187] LOG:  server process (PID 3838160) was terminated by signal 11: Segmentation fault
2024-12-03 12:28:24.224 CST [3837187] DETAIL:  Failed process was running: SELECT n.nspname as "Schema",
	  c.relname as "Name",
	  CASE c.relkind WHEN 'r' THEN 'table' WHEN 'v' THEN 'view' WHEN 'm' THEN 'materialized view' WHEN 'i' THEN 'index' WHEN 'S' THEN 'sequence' WHEN 's' THEN 'special' WHEN 'f' THEN 'foreign table' WHEN 'p' THEN 'partitioned table' WHEN 'I' THEN 'partitioned index' END as "Type",
	  pg_catalog.pg_get_userbyid(c.relowner) as "Owner"
	FROM pg_catalog.pg_class c
	     LEFT JOIN pg_catalog.pg_namespace n ON n.oid = c.relnamespace
	WHERE c.relkind IN ('r','p','v','m','S','f','')
	      AND n.nspname <> 'pg_catalog'
	      AND n.nspname <> 'information_schema'
	      AND n.nspname !~ '^pg_toast'
	  AND pg_catalog.pg_table_is_visible(c.oid)
	ORDER BY 1,2;
2024-12-03 12:28:24.224 CST [3837187] LOG:  terminating any other active server processes
2024-12-03 12:28:24.224 CST [3838294] WARNING:  terminating connection because of crash of another server process
2024-12-03 12:28:24.224 CST [3838294] DETAIL:  The postmaster has commanded this server process to roll back the current transaction and exit, because another server process exited abnormally and possibly corrupted shared memory.
2024-12-03 12:28:24.224 CST [3838294] HINT:  In a moment you should be able to reconnect to the database and repeat your command.
2024-12-03 12:28:24.224 CST [3837563] WARNING:  terminating connection because of crash of another server process
2024-12-03 12:28:24.224 CST [3837563] DETAIL:  The postmaster has commanded this server process to roll back the current transaction and exit, because another server process exited abnormally and possibly corrupted shared memory.
2024-12-03 12:28:24.224 CST [3837563] HINT:  In a moment you should be able to reconnect to the database and repeat your command.
2024-12-03 12:28:24.225 CST [3837187] LOG:  all server processes terminated; reinitializing
2024-12-03 12:28:24.251 CST [3838295] LOG:  database system was interrupted; last known up at 2024-12-03 12:28:12 CST
2024-12-03 12:28:24.342 CST [3838295] LOG:  database system was not properly shut down; automatic recovery in progress
2024-12-03 12:28:24.344 CST [3838295] LOG:  invalid record length at 0/1589B20: wanted 24, got 0
2024-12-03 12:28:24.344 CST [3838295] LOG:  redo is not required
2024-12-03 12:28:24.351 CST [3837187] LOG:  database system is ready to accept connections
2024-12-03 12:28:35.725 CST [3837187] LOG:  received fast shutdown request
2024-12-03 12:28:35.726 CST [3837187] LOG:  aborting any active transactions
2024-12-03 12:28:35.727 CST [3837187] LOG:  background worker "logical replication launcher" (PID 3838301) exited with exit code 1
2024-12-03 12:28:35.728 CST [3838296] LOG:  shutting down
2024-12-03 12:28:35.735 CST [3837187] LOG:  database system is shut down
