2024-12-03 14:10:11.881 CST [4183040] LOG:  starting PostgreSQL 13.10 on x86_64-pc-linux-gnu, compiled by gcc (Ubuntu 11.4.0-2ubuntu1~20.04) 11.4.0, 64-bit
2024-12-03 14:10:11.882 CST [4183040] LOG:  listening on IPv4 address "127.0.0.1", port 33333
2024-12-03 14:10:11.883 CST [4183040] LOG:  listening on Unix socket "/tmp/.s.PGSQL.33333"
2024-12-03 14:10:11.887 CST [4183046] LOG:  database system was shut down at 2024-12-03 14:09:58 CST
2024-12-03 14:10:11.890 CST [4183040] LOG:  database system is ready to accept connections
2024-12-03 14:11:37.122 CST [4183179] LOG:  statement: select a, sum(b) from t group by a having a > 10 and max(c) > 10;
StmtExecutorStart
2024-12-03 14:11:50.643 CST [4183179] LOG:  statement: select a, sum(b) from t group by a having a > 10 and max(c) > 10;
StmtExecutorStart
2024-12-03 14:12:12.009 CST [4183054] WARNING:  worker took too long to start; canceled
2024-12-03 14:13:35.300 CST [4183179] LOG:  statement: select * from pg_extension;
StmtExecutorStart
2024-12-03 14:14:17.166 CST [4183179] LOG:  statement: SELECT pg_backend_pid();
StmtExecutorStart
2024-12-03 14:14:28.388 CST [4183179] LOG:  statement: select a, sum(b) from t group by a having a > 10 and max(c) > 10;
StmtExecutorStart
2024-12-03 14:23:36.958 CST [4183040] LOG:  received fast shutdown request
2024-12-03 14:23:36.959 CST [4183040] LOG:  aborting any active transactions
2024-12-03 14:23:36.960 CST [4183040] LOG:  background worker "logical replication launcher" (PID 4183056) exited with exit code 1
2024-12-03 14:23:39.311 CST [4183179] FATAL:  terminating connection due to administrator command
2024-12-03 14:23:39.311 CST [4183179] STATEMENT:  select a, sum(b) from t group by a having a > 10 and max(c) > 10;
2024-12-03 14:23:39.312 CST [4183051] LOG:  shutting down
2024-12-03 14:23:39.313 CST [35026] FATAL:  the database system is shutting down
2024-12-03 14:23:39.320 CST [4183040] LOG:  database system is shut down
