2024-12-03 12:50:43.062 CST [3917248] LOG:  starting PostgreSQL 13.10 on x86_64-pc-linux-gnu, compiled by gcc (Ubuntu 11.4.0-2ubuntu1~20.04) 11.4.0, 64-bit
2024-12-03 12:50:43.062 CST [3917248] LOG:  listening on IPv4 address "127.0.0.1", port 33333
2024-12-03 12:50:43.064 CST [3917248] LOG:  listening on Unix socket "/tmp/.s.PGSQL.33333"
2024-12-03 12:50:43.068 CST [3917250] LOG:  database system was shut down at 2024-12-03 12:49:48 CST
2024-12-03 12:50:43.071 CST [3917248] LOG:  database system is ready to accept connections
2024-12-03 12:50:46.259 CST [3917406] LOG:  statement: select * from pg_extension;
StmtExecutorStart
2024-12-03 12:50:46.271 CST [3917248] LOG:  server process (PID 3917406) was terminated by signal 11: Segmentation fault
2024-12-03 12:50:46.271 CST [3917248] DETAIL:  Failed process was running: select * from pg_extension;
2024-12-03 12:50:46.271 CST [3917248] LOG:  terminating any other active server processes
2024-12-03 12:50:46.271 CST [3917483] WARNING:  terminating connection because of crash of another server process
2024-12-03 12:50:46.271 CST [3917483] DETAIL:  The postmaster has commanded this server process to roll back the current transaction and exit, because another server process exited abnormally and possibly corrupted shared memory.
2024-12-03 12:50:46.271 CST [3917483] HINT:  In a moment you should be able to reconnect to the database and repeat your command.
2024-12-03 12:50:46.271 CST [3917254] WARNING:  terminating connection because of crash of another server process
2024-12-03 12:50:46.271 CST [3917254] DETAIL:  The postmaster has commanded this server process to roll back the current transaction and exit, because another server process exited abnormally and possibly corrupted shared memory.
2024-12-03 12:50:46.271 CST [3917254] HINT:  In a moment you should be able to reconnect to the database and repeat your command.
2024-12-03 12:50:46.272 CST [3917248] LOG:  all server processes terminated; reinitializing
2024-12-03 12:50:46.297 CST [3917484] LOG:  database system was interrupted; last known up at 2024-12-03 12:50:43 CST
2024-12-03 12:50:46.389 CST [3917484] LOG:  database system was not properly shut down; automatic recovery in progress
2024-12-03 12:50:46.391 CST [3917484] LOG:  invalid record length at 0/158A3D0: wanted 24, got 0
2024-12-03 12:50:46.391 CST [3917484] LOG:  redo is not required
2024-12-03 12:50:46.399 CST [3917248] LOG:  database system is ready to accept connections
2024-12-03 12:50:55.208 CST [3917248] LOG:  received fast shutdown request
2024-12-03 12:50:55.209 CST [3917248] LOG:  aborting any active transactions
2024-12-03 12:50:55.210 CST [3917248] LOG:  background worker "logical replication launcher" (PID 3917490) exited with exit code 1
2024-12-03 12:50:55.210 CST [3917485] LOG:  shutting down
2024-12-03 12:50:55.218 CST [3917248] LOG:  database system is shut down
