2024-12-03 15:17:53.538 CST [226260] LOG:  starting PostgreSQL 13.10 on x86_64-pc-linux-gnu, compiled by gcc (Ubuntu 11.4.0-2ubuntu1~20.04) 11.4.0, 64-bit
2024-12-03 15:17:53.538 CST [226260] LOG:  listening on IPv4 address "127.0.0.1", port 33333
2024-12-03 15:17:53.540 CST [226260] LOG:  listening on Unix socket "/tmp/.s.PGSQL.33333"
2024-12-03 15:17:53.542 CST [226263] LOG:  database system was shut down at 2024-12-03 15:17:15 CST
2024-12-03 15:17:53.544 CST [226260] LOG:  database system is ready to accept connections
2024-12-03 15:17:56.920 CST [226406] LOG:  statement: SELECT pg_backend_pid();
StmtExecutorStart
2024-12-03 15:17:57.161 CST [226260] LOG:  server process (PID 226406) was terminated by signal 11: Segmentation fault
2024-12-03 15:17:57.161 CST [226260] DETAIL:  Failed process was running: SELECT pg_backend_pid();
2024-12-03 15:17:57.161 CST [226260] LOG:  terminating any other active server processes
2024-12-03 15:17:57.161 CST [226502] WARNING:  terminating connection because of crash of another server process
2024-12-03 15:17:57.161 CST [226502] DETAIL:  The postmaster has commanded this server process to roll back the current transaction and exit, because another server process exited abnormally and possibly corrupted shared memory.
2024-12-03 15:17:57.161 CST [226502] HINT:  In a moment you should be able to reconnect to the database and repeat your command.
2024-12-03 15:17:57.161 CST [226267] WARNING:  terminating connection because of crash of another server process
2024-12-03 15:17:57.161 CST [226267] DETAIL:  The postmaster has commanded this server process to roll back the current transaction and exit, because another server process exited abnormally and possibly corrupted shared memory.
2024-12-03 15:17:57.161 CST [226267] HINT:  In a moment you should be able to reconnect to the database and repeat your command.
2024-12-03 15:17:57.162 CST [226260] LOG:  all server processes terminated; reinitializing
2024-12-03 15:17:57.199 CST [226543] LOG:  database system was interrupted; last known up at 2024-12-03 15:17:53 CST
2024-12-03 15:17:57.334 CST [226543] LOG:  database system was not properly shut down; automatic recovery in progress
2024-12-03 15:17:57.336 CST [226543] LOG:  invalid record length at 0/158B008: wanted 24, got 0
2024-12-03 15:17:57.336 CST [226543] LOG:  redo is not required
2024-12-03 15:17:57.346 CST [226260] LOG:  database system is ready to accept connections
2024-12-03 15:18:06.768 CST [226927] LOG:  statement: select a, sum(b) from t group by a having a > 10 and max(c) > 10;
StmtExecutorStart
2024-12-03 15:18:06.994 CST [226260] LOG:  server process (PID 226927) was terminated by signal 11: Segmentation fault
2024-12-03 15:18:06.994 CST [226260] DETAIL:  Failed process was running: select a, sum(b) from t group by a having a > 10 and max(c) > 10;
2024-12-03 15:18:06.994 CST [226260] LOG:  terminating any other active server processes
2024-12-03 15:18:06.994 CST [227090] WARNING:  terminating connection because of crash of another server process
2024-12-03 15:18:06.994 CST [227090] DETAIL:  The postmaster has commanded this server process to roll back the current transaction and exit, because another server process exited abnormally and possibly corrupted shared memory.
2024-12-03 15:18:06.994 CST [227090] HINT:  In a moment you should be able to reconnect to the database and repeat your command.
2024-12-03 15:18:06.994 CST [226548] WARNING:  terminating connection because of crash of another server process
2024-12-03 15:18:06.994 CST [226548] DETAIL:  The postmaster has commanded this server process to roll back the current transaction and exit, because another server process exited abnormally and possibly corrupted shared memory.
2024-12-03 15:18:06.994 CST [226548] HINT:  In a moment you should be able to reconnect to the database and repeat your command.
2024-12-03 15:18:06.995 CST [226260] LOG:  all server processes terminated; reinitializing
2024-12-03 15:18:07.486 CST [227151] LOG:  database system was interrupted; last known up at 2024-12-03 15:17:57 CST
2024-12-03 15:18:07.579 CST [227151] LOG:  database system was not properly shut down; automatic recovery in progress
2024-12-03 15:18:07.580 CST [227151] LOG:  invalid record length at 0/158B080: wanted 24, got 0
2024-12-03 15:18:07.580 CST [227151] LOG:  redo is not required
2024-12-03 15:18:07.590 CST [226260] LOG:  database system is ready to accept connections
2024-12-03 15:18:10.197 CST [226260] LOG:  received fast shutdown request
2024-12-03 15:18:10.198 CST [226260] LOG:  aborting any active transactions
2024-12-03 15:18:10.199 CST [226260] LOG:  background worker "logical replication launcher" (PID 227161) exited with exit code 1
2024-12-03 15:18:10.199 CST [227156] LOG:  shutting down
2024-12-03 15:18:10.207 CST [226260] LOG:  database system is shut down
